<?xml version="1.0" encoding="UTF-8"?>
<!-- Generated by org.testng.reporters.JUnitReportReporter -->
<testsuite hostname="Presidios-MacBook-Pro-4.local" failures="0" tests="2" name="tests.LoginTest" time="6.771" errors="0" timestamp="2025-04-01T11:28:34 IST" skipped="0">
  <testcase classname="tests.LoginTest" name="testLogin" time="3.579"/>
  <testcase classname="tests.LoginTest" name="tesInvalidLogin" time="3.192"/>
</testsuite> <!-- tests.LoginTest -->
