<?xml version="1.0" encoding="UTF-8"?>
<!-- Generated by org.testng.reporters.JUnitReportReporter -->
<testsuite hostname="Presidios-MacBook-Pro-4.local" failures="0" tests="1" name="tests.RemoveProductTest" time="8.145" errors="0" timestamp="2025-03-31T13:01:20 IST" skipped="0">
  <testcase classname="tests.RemoveProductTest" name="testRemoveProductFromCart" time="8.145"/>
</testsuite> <!-- tests.RemoveProductTest -->
