<?xml version="1.0" encoding="UTF-8"?>
<!-- Generated by org.testng.reporters.JUnitReportReporter -->
<testsuite hostname="Presidios-MacBook-Pro-4.local" failures="0" tests="1" name="tests.LoginTest" time="3.561" errors="0" timestamp="2025-03-31T12:02:22 IST" skipped="0">
  <testcase classname="tests.LoginTest" name="tesInvalidLogin" time="3.561"/>
</testsuite> <!-- tests.LoginTest -->
