<?xml version="1.0" encoding="UTF-8"?>
<!-- Generated by org.testng.reporters.JUnitReportReporter -->
<testsuite hostname="Presidios-MacBook-Pro-4.local" failures="0" tests="3" name="tests.CompletePuchrchaseTest" time="13.714" errors="0" timestamp="2025-03-31T14:54:52 IST" skipped="0">
  <testcase classname="tests.CompletePuchrchaseTest" name="testCheckoutWithDifferentUsers" time="5.056"/>
  <testcase classname="tests.CompletePuchrchaseTest" name="testCheckoutWithDifferentUsers" time="4.308"/>
  <testcase classname="tests.CompletePuchrchaseTest" name="testCheckoutWithDifferentUsers" time="4.350"/>
</testsuite> <!-- tests.CompletePuchrchaseTest -->
