<?xml version="1.0" encoding="UTF-8"?>
<!-- Generated by org.testng.reporters.JUnitReportReporter -->
<testsuite hostname="Presidios-MacBook-Pro-4.local" failures="0" tests="1" name="tests.RemoveProductTest" time="4.021" errors="0" timestamp="2025-04-01T11:28:34 IST" skipped="0">
  <testcase classname="tests.RemoveProductTest" name="testRemoveProductFromCart" time="4.021"/>
</testsuite> <!-- tests.RemoveProductTest -->
