<?xml version="1.0" encoding="UTF-8"?>
<!-- Generated by org.testng.reporters.JUnitReportReporter -->
<testsuite hostname="Presidios-MacBook-Pro-4.local" failures="0" tests="1" name="tests.LoginTest" time="0.615" errors="0" timestamp="2025-03-27T10:55:51 IST" skipped="0">
  <testcase classname="tests.LoginTest" name="testLogin" time="0.615"/>
</testsuite> <!-- tests.LoginTest -->
