<?xml version="1.0" encoding="UTF-8"?>
<!-- Generated by org.testng.reporters.JUnitReportReporter -->
<testsuite hostname="Presidios-MacBook-Pro-4.local" failures="0" tests="3" name="tests.CompletePuchrchaseTest" time="16.400" errors="0" timestamp="2025-04-01T11:28:34 IST" skipped="0">
  <testcase classname="tests.CompletePuchrchaseTest" name="testCheckoutWithDifferentUsers" time="6.169"/>
  <testcase classname="tests.CompletePuchrchaseTest" name="testCheckoutWithDifferentUsers" time="4.976"/>
  <testcase classname="tests.CompletePuchrchaseTest" name="testCheckoutWithDifferentUsers" time="5.255"/>
</testsuite> <!-- tests.CompletePuchrchaseTest -->
