<?xml version="1.0" encoding="UTF-8"?>
<!-- Generated by org.testng.reporters.JUnitReportReporter -->
<testsuite hostname="Presidios-MacBook-Pro-4.local" failures="0" tests="1" name="tests.ProductListTest" time="0.414" errors="0" timestamp="2025-03-27T11:16:46 IST" skipped="0">
  <testcase classname="tests.ProductListTest" name="Verify_the_product_list_is_displayed_after_login" time="0.414"/>
</testsuite> <!-- tests.ProductListTest -->
