<?xml version="1.0" encoding="UTF-8"?>
<!-- Generated by org.testng.reporters.JUnitReportReporter -->
<testsuite hostname="Presidios-MacBook-Pro-4.local" failures="1" tests="8" name="tests.ProductSortTest" time="48.293" errors="0" timestamp="2025-04-01T12:13:43 IST" skipped="3">
  <testcase classname="tests.ProductSortTest" name="Verify_the_product_list_is_displayed_after_login" time="3.944"/>
  <testcase classname="tests.ProductSortTest" name="testSortByNameAscending" time="1.952"/>
  <testcase classname="tests.ProductSortTest" name="testSortByNameDescending" time="3.743"/>
  <testcase classname="tests.ProductSortTest" name="testSortByPriceLowToHigh" time="3.581">
    <failure message="failed" type="java.lang.AssertionError">
      <![CDATA[java.lang.AssertionError: failed
at org.testng.Assert.fail(Assert.java:111)
at tests.ProductSortTest.testSortByPriceLowToHigh(ProductSortTest.java:48)
at java.base/jdk.internal.reflect.DirectMethodHandleAccessor.invoke(DirectMethodHandleAccessor.java:103)
at java.base/java.lang.reflect.Method.invoke(Method.java:580)
at org.testng.internal.invokers.MethodInvocationHelper.invokeMethod(MethodInvocationHelper.java:139)
at org.testng.internal.invokers.TestInvoker.invokeMethod(TestInvoker.java:664)
at org.testng.internal.invokers.TestInvoker.retryFailed(TestInvoker.java:249)
at org.testng.internal.invokers.MethodRunner.runInSequence(MethodRunner.java:76)
at org.testng.internal.invokers.TestInvoker$MethodInvocationAgent.invoke(TestInvoker.java:961)
at org.testng.internal.invokers.TestInvoker.invokeTestMethods(TestInvoker.java:201)
at org.testng.internal.invokers.TestMethodWorker.invokeTestMethods(TestMethodWorker.java:148)
at org.testng.internal.invokers.TestMethodWorker.run(TestMethodWorker.java:128)
at java.base/java.util.concurrent.Executors$RunnableAdapter.call(Executors.java:572)
at java.base/java.util.concurrent.FutureTask.run(FutureTask.java:317)
at org.testng.internal.thread.graph.TestNGFutureTask.run(TestNGFutureTask.java:22)
at java.base/java.util.concurrent.ThreadPoolExecutor.runWorker(ThreadPoolExecutor.java:1144)
at java.base/java.util.concurrent.ThreadPoolExecutor$Worker.run(ThreadPoolExecutor.java:642)
at java.base/java.lang.Thread.run(Thread.java:1583)
]]>
    </failure>
  </testcase> <!-- testSortByPriceLowToHigh -->
  <testcase classname="tests.ProductSortTest" name="testSortByPriceLowToHigh" time="14.094">
    <skipped/>
  </testcase> <!-- testSortByPriceLowToHigh -->
  <testcase classname="tests.ProductSortTest" name="testSortByPriceLowToHigh" time="3.959">
    <skipped/>
  </testcase> <!-- testSortByPriceLowToHigh -->
  <testcase classname="tests.ProductSortTest" name="testSortByPriceLowToHigh" time="3.387">
    <skipped/>
  </testcase> <!-- testSortByPriceLowToHigh -->
  <testcase classname="tests.ProductSortTest" name="testSortByPriceHighToLow" time="13.633"/>
</testsuite> <!-- tests.ProductSortTest -->
